<?xml version="1.0" encoding="UTF-8"?>
<!-- Generated by org.testng.reporters.JUnitReportReporter -->
<testsuite skipped="0" hostname="Pavels-MacBook-Air.local" name="core.PrimeNumberCheckerTest" tests="3" failures="0" timestamp="04 Jul 2019 18:04:17 GMT" time="0.053" errors="0">
  <testcase name="test" time="0.031" classname="core.PrimeNumberCheckerTest"/>
  <testcase name="test" time="0.007" classname="core.PrimeNumberCheckerTest"/>
  <testcase name="test" time="0.015" classname="core.PrimeNumberCheckerTest"/>
</testsuite> <!-- core.PrimeNumberCheckerTest -->
